<?xml version="1.0" encoding="UTF-8"?>
<!-- Generated by org.testng.reporters.JUnitReportReporter -->
<testsuite hostname="RENIl" failures="0" tests="1" name="tests.SOAP_XML_Request" time="3.478" errors="0" timestamp="2024-05-31T13:24:24 PDT" skipped="0">
  <testcase classname="tests.SOAP_XML_Request" name="validateSoapXML" time="3.478"/>
  <system-out/>
</testsuite> <!-- tests.SOAP_XML_Request -->
