<?xml version="1.0" encoding="UTF-8"?>
<!-- Generated by org.testng.reporters.JUnitReportReporter -->
<testsuite hostname="RENIl" failures="0" tests="2" name="tests.TC01_GET_REQ" time="2.559" errors="0" timestamp="2024-05-23T16:13:35 PDT" skipped="0">
  <testcase classname="tests.TC01_GET_REQ" name="Test2" time="0.723"/>
  <system-out/>
  <testcase classname="tests.TC01_GET_REQ" name="Test1" time="1.836"/>
  <system-out/>
</testsuite> <!-- tests.TC01_GET_REQ -->
