<?xml version="1.0" encoding="UTF-8"?>
<!-- Generated by org.testng.reporters.JUnitReportReporter -->
<testsuite hostname="RENIl" failures="0" tests="1" name="tests.TC001" time="2.106" errors="0" timestamp="2024-05-21T15:43:24 PDT" skipped="0">
  <testcase classname="tests.TC001" name="Test1" time="2.106"/>
  <system-out/>
</testsuite> <!-- tests.TC001 -->
