<?xml version="1.0" encoding="UTF-8"?>
<!-- Generated by org.testng.reporters.JUnitReportReporter -->
<testsuite hostname="RENIl" failures="0" tests="1" name="tests.TC02_GET_AND_POST_EXAMPLE" time="2.151" errors="0" timestamp="2024-05-23T17:37:01 PDT" skipped="0">
  <testcase classname="tests.TC02_GET_AND_POST_EXAMPLE" name="PostTest" time="2.151"/>
  <system-out/>
</testsuite> <!-- tests.TC02_GET_AND_POST_EXAMPLE -->
