<?xml version="1.0" encoding="UTF-8"?>
<!-- Generated by org.testng.reporters.JUnitReportReporter -->
<testsuite hostname="RENIl" failures="0" tests="3" name="tests.TC03_PUT_PATCH_DELETE" time="3.019" errors="0" timestamp="2024-05-23T18:21:20 PDT" skipped="0">
  <testcase classname="tests.TC03_PUT_PATCH_DELETE" name="PutTest" time="0.487"/>
  <system-out/>
  <testcase classname="tests.TC03_PUT_PATCH_DELETE" name="PatchTest" time="0.514"/>
  <system-out/>
  <testcase classname="tests.TC03_PUT_PATCH_DELETE" name="DeleteTest" time="2.018"/>
  <system-out/>
</testsuite> <!-- tests.TC03_PUT_PATCH_DELETE -->
