<?xml version="1.0" encoding="UTF-8"?>
<!-- Generated by org.testng.reporters.JUnitReportReporter -->
<testsuite hostname="RENIl" failures="0" tests="5" name="tests.TC04_TestOnLocalAPI" time="1.474" errors="0" timestamp="2024-05-28T15:06:20 PDT" skipped="0">
  <testcase classname="tests.TC04_TestOnLocalAPI" name="get" time="0.048"/>
  <system-out/>
  <testcase classname="tests.TC04_TestOnLocalAPI" name="Delete" time="1.241"/>
  <system-out/>
  <testcase classname="tests.TC04_TestOnLocalAPI" name="Patch" time="0.114"/>
  <system-out/>
  <testcase classname="tests.TC04_TestOnLocalAPI" name="Post" time="0.040"/>
  <system-out/>
  <testcase classname="tests.TC04_TestOnLocalAPI" name="Put" time="0.031"/>
  <system-out/>
</testsuite> <!-- tests.TC04_TestOnLocalAPI -->
